#
# There is insufficient memory for the Java Runtime Environment to continue.
# Native memory allocation (malloc) failed to allocate 1047776 bytes for Chunk::new
# Possible reasons:
#   The system is out of physical RAM or swap space
#   The process is running with CompressedOops enabled, and the Java Heap may be blocking the growth of the native heap
# Possible solutions:
#   Reduce memory load on the system
#   Increase physical memory or swap space
#   Check if swap backing store is full
#   Decrease Java heap size (-Xmx/-Xms)
#   Decrease number of Java threads
#   Decrease Java thread stack sizes (-Xss)
#   Set larger code cache with -XX:ReservedCodeCacheSize=
#   JVM is running with Unscaled Compressed Oops mode in which the Java heap is
#     placed in the first 4GB address space. The Java Heap base address is the
#     maximum limit for the native heap growth. Please use -XX:HeapBaseMinAddress
#     to set the Java Heap base and to place the Java Heap above 4GB virtual address.
# This output file may be truncated or incomplete.
#
#  Out of Memory Error (allocation.cpp:389), pid=17740, tid=0x0000000000005724
#
# JRE version: Java(TM) SE Runtime Environment (8.0_281-b09) (build 1.8.0_281-b09)
# Java VM: Java HotSpot(TM) 64-Bit Server VM (25.281-b09 mixed mode windows-amd64 compressed oops)
# Failed to write core dump. Minidumps are not enabled by default on client versions of Windows
#

---------------  T H R E A D  ---------------

Current thread (0x000001bfa5cb5000):  JavaThread "C2 CompilerThread2" daemon [_thread_in_native, id=22308, stack(0x00000070cbe00000,0x00000070cbf00000)]

Stack: [0x00000070cbe00000,0x00000070cbf00000]
Native frames: (J=compiled Java code, j=interpreted, Vv=VM code, C=native code)
V  [jvm.dll+0x32e5b9]
V  [jvm.dll+0x275012]
V  [jvm.dll+0x275cbd]
V  [jvm.dll+0x26c6f5]
V  [jvm.dll+0xd51fc]
V  [jvm.dll+0xd59fc]
V  [jvm.dll+0x4523f2]
V  [jvm.dll+0x48d85d]
V  [jvm.dll+0x441e7e]
V  [jvm.dll+0x43f664]
V  [jvm.dll+0x42a5e7]
V  [jvm.dll+0xabe9b]
V  [jvm.dll+0xaa4fb]
V  [jvm.dll+0x23d6b2]
V  [jvm.dll+0x291cbc]
C  [ucrtbase.dll+0x21bb2]
C  [KERNEL32.DLL+0x17034]
C  [ntdll.dll+0x52651]


Current CompileTask:
C2:1078858 5791       4       org.springframework.core.annotation.AnnotationsScanner::process (43 bytes)


---------------  P R O C E S S  ---------------

Java Threads: ( => current thread )
  0x000001bfaab7d000 JavaThread "Keep-Alive-Timer" daemon [_thread_blocked, id=16800, stack(0x00000070cac00000,0x00000070cad00000)]
  0x000001bfaab7f000 JavaThread "DestroyJavaVM" [_thread_blocked, id=7836, stack(0x00000070cae00000,0x00000070caf00000)]
  0x000001bfaab7a800 JavaThread "http-nio-8082-Acceptor" daemon [_thread_in_native, id=13048, stack(0x00000070cd800000,0x00000070cd900000)]
  0x000001bfaab7b800 JavaThread "http-nio-8082-ClientPoller" daemon [_thread_in_native, id=16984, stack(0x00000070cd700000,0x00000070cd800000)]
  0x000001bfaab7e800 JavaThread "http-nio-8082-exec-10" daemon [_thread_blocked, id=8776, stack(0x00000070cd600000,0x00000070cd700000)]
  0x000001bfaab7c000 JavaThread "http-nio-8082-exec-9" daemon [_thread_blocked, id=2708, stack(0x00000070cd500000,0x00000070cd600000)]
  0x000001bfaab7d800 JavaThread "http-nio-8082-exec-8" daemon [_thread_blocked, id=16036, stack(0x00000070cd400000,0x00000070cd500000)]
  0x000001bfaab79000 JavaThread "http-nio-8082-exec-7" daemon [_thread_blocked, id=23128, stack(0x00000070cd300000,0x00000070cd400000)]
  0x000001bfaab71800 JavaThread "http-nio-8082-exec-6" daemon [_thread_blocked, id=19628, stack(0x00000070cd200000,0x00000070cd300000)]
  0x000001bfaab74800 JavaThread "http-nio-8082-exec-5" daemon [_thread_blocked, id=12624, stack(0x00000070cd100000,0x00000070cd200000)]
  0x000001bfaab74000 JavaThread "http-nio-8082-exec-4" daemon [_thread_blocked, id=22208, stack(0x00000070cd000000,0x00000070cd100000)]
  0x000001bfaab77800 JavaThread "http-nio-8082-exec-3" daemon [_thread_blocked, id=22664, stack(0x00000070ccf00000,0x00000070cd000000)]
  0x000001bfaab78800 JavaThread "http-nio-8082-exec-2" daemon [_thread_blocked, id=17448, stack(0x00000070cce00000,0x00000070ccf00000)]
  0x000001bfaab75800 JavaThread "http-nio-8082-exec-1" daemon [_thread_blocked, id=23116, stack(0x00000070ccd00000,0x00000070cce00000)]
  0x000001bfaab71000 JavaThread "http-nio-8082-BlockPoller" daemon [_thread_in_native, id=5944, stack(0x00000070cca00000,0x00000070ccb00000)]
  0x000001bfaab70000 JavaThread "spring.cloud.inetutils" daemon [_thread_blocked, id=19360, stack(0x00000070ccc00000,0x00000070ccd00000)]
  0x000001bfaab73000 JavaThread "File Watcher" daemon [_thread_blocked, id=9152, stack(0x00000070ccb00000,0x00000070ccc00000)]
  0x000001bfaab76000 JavaThread "HikariPool-1 housekeeper" daemon [_thread_blocked, id=17128, stack(0x00000070cc900000,0x00000070cca00000)]
  0x000001bfa5cb4000 JavaThread "PostgreSQL-JDBC-SharedTimer-1" daemon [_thread_blocked, id=20072, stack(0x00000070cc800000,0x00000070cc900000)]
  0x000001bfa5cb3800 JavaThread "container-0" [_thread_blocked, id=12324, stack(0x00000070cc600000,0x00000070cc700000)]
  0x000001bfa5cb2800 JavaThread "Catalina-utility-2" [_thread_blocked, id=9480, stack(0x00000070cc500000,0x00000070cc600000)]
  0x000001bfa5cb1000 JavaThread "Catalina-utility-1" [_thread_blocked, id=14160, stack(0x00000070cc400000,0x00000070cc500000)]
  0x000001bfa5cae000 JavaThread "Service Thread" daemon [_thread_blocked, id=4932, stack(0x00000070cc000000,0x00000070cc100000)]
  0x000001bfa5cb2000 JavaThread "C1 CompilerThread3" daemon [_thread_blocked, id=5328, stack(0x00000070cbf00000,0x00000070cc000000)]
=>0x000001bfa5cb5000 JavaThread "C2 CompilerThread2" daemon [_thread_in_native, id=22308, stack(0x00000070cbe00000,0x00000070cbf00000)]
  0x000001bfa5ca8000 JavaThread "C2 CompilerThread1" daemon [_thread_blocked, id=21188, stack(0x00000070cbd00000,0x00000070cbe00000)]
  0x000001bfa5c9a800 JavaThread "C2 CompilerThread0" daemon [_thread_blocked, id=16376, stack(0x00000070cbc00000,0x00000070cbd00000)]
  0x000001bfa5c96800 JavaThread "Attach Listener" daemon [_thread_blocked, id=1564, stack(0x00000070cbb00000,0x00000070cbc00000)]
  0x000001bfa5c94800 JavaThread "Signal Dispatcher" daemon [_thread_blocked, id=19756, stack(0x00000070cba00000,0x00000070cbb00000)]
  0x000001bfa5c70000 JavaThread "Finalizer" daemon [_thread_blocked, id=3228, stack(0x00000070cb900000,0x00000070cba00000)]
  0x000001bfa5c68800 JavaThread "Reference Handler" daemon [_thread_blocked, id=15532, stack(0x00000070cb800000,0x00000070cb900000)]

Other Threads:
  0x000001bfa5c41800 VMThread [stack: 0x00000070cb700000,0x00000070cb800000] [id=748]
  0x000001bfa7b41000 WatcherThread [stack: 0x00000070cc100000,0x00000070cc200000] [id=928]

VM state:not at safepoint (normal execution)

VM Mutex/Monitor currently owned by a thread: None

heap address: 0x0000000081e00000, size: 2018 MB, Compressed Oops mode: 32-bit
Narrow klass base: 0x0000000000000000, Narrow klass shift: 3
Compressed class space size: 1073741824 Address: 0x0000000100000000

Heap:
 PSYoungGen      total 362496K, used 141536K [0x00000000d5f80000, 0x00000000f6000000, 0x0000000100000000)
  eden space 340480K, 41% used [0x00000000d5f80000,0x00000000de9b81b8,0x00000000eac00000)
  from space 22016K, 0% used [0x00000000eac00000,0x00000000eac00000,0x00000000ec180000)
  to   space 22016K, 0% used [0x00000000f4a80000,0x00000000f4a80000,0x00000000f6000000)
 ParOldGen       total 96256K, used 24992K [0x0000000081e00000, 0x0000000087c00000, 0x00000000d5f80000)
  object space 96256K, 25% used [0x0000000081e00000,0x00000000836682d0,0x0000000087c00000)
 Metaspace       used 59947K, capacity 63424K, committed 63576K, reserved 1103872K
  class space    used 8122K, capacity 8750K, committed 8832K, reserved 1048576K

Card table byte_map: [0x000001bfa0850000,0x000001bfa0c50000] byte_map_base: 0x000001bfa0441000

Marking Bits: (ParMarkBitMap*) 0x0000000068c06ff0
 Begin Bits: [0x000001bfa0f00000, 0x000001bfa2e88000)
 End Bits:   [0x000001bfa2e88000, 0x000001bfa4e10000)

Polling page: 0x000001bf8fbf0000

CodeCache: size=245760Kb used=15643Kb max_used=15876Kb free=230116Kb
 bounds [0x000001bf91490000, 0x000001bf92450000, 0x000001bfa0490000]
 total_blobs=5374 nmethods=4819 adapters=466
 compilation: enabled

Compilation events (10 events):
Event: 1078.769 Thread 0x000001bfa5cb2000 5810       1       org.hibernate.type.descriptor.sql.BigIntTypeDescriptor::canBeRemapped (2 bytes)
Event: 1078.769 Thread 0x000001bfa5cb2000 nmethod 5810 0x000001bf9167fc90 code [0x000001bf9167fde0, 0x000001bf9167fef8]
Event: 1078.770 Thread 0x000001bfa5cb2000 5808       1       org.hibernate.resource.jdbc.internal.AbstractLogicalConnectionImplementor::getResourceRegistry (5 bytes)
Event: 1078.770 Thread 0x000001bfa5cb2000 nmethod 5808 0x000001bf9180ad90 code [0x000001bf9180aee0, 0x000001bf9180aff8]
Event: 1078.772 Thread 0x000001bfa5cb2000 5814       1       org.apache.coyote.Response::getWriteListener (5 bytes)
Event: 1078.772 Thread 0x000001bfa5cb2000 nmethod 5814 0x000001bf919bd290 code [0x000001bf919bd3e0, 0x000001bf919bd4f8]
Event: 1078.773 Thread 0x000001bfa5cb2000 5812       1       org.postgresql.core.v3.SimpleParameterList::getTypeOIDs (5 bytes)
Event: 1078.773 Thread 0x000001bfa5cb2000 nmethod 5812 0x000001bf91a5c910 code [0x000001bf91a5ca60, 0x000001bf91a5cb78]
Event: 1078.774 Thread 0x000001bfa5cb2000 5813       1       org.postgresql.core.v3.SimpleQuery::hasBinaryFields (5 bytes)
Event: 1078.774 Thread 0x000001bfa5cb2000 nmethod 5813 0x000001bf9180aad0 code [0x000001bf9180ac20, 0x000001bf9180ad38]

GC Heap History (10 events):
Event: 8.915 GC heap before
{Heap before GC invocations=10 (full 1):
 PSYoungGen      total 251392K, used 30286K [0x00000000d5f80000, 0x00000000e6600000, 0x0000000100000000)
  eden space 238080K, 7% used [0x00000000d5f80000,0x00000000d71f1808,0x00000000e4800000)
  from space 13312K, 85% used [0x00000000e5900000,0x00000000e6422158,0x00000000e6600000)
  to   space 15360K, 0% used [0x00000000e4800000,0x00000000e4800000,0x00000000e5700000)
 ParOldGen       total 51200K, used 6994K [0x0000000081e00000, 0x0000000085000000, 0x00000000d5f80000)
  object space 51200K, 13% used [0x0000000081e00000,0x00000000824d4810,0x0000000085000000)
 Metaspace       used 33228K, capacity 35340K, committed 35416K, reserved 1079296K
  class space    used 4283K, capacity 4698K, committed 4736K, reserved 1048576K
Event: 8.928 GC heap after
Heap after GC invocations=10 (full 1):
 PSYoungGen      total 253440K, used 11690K [0x00000000d5f80000, 0x00000000ed700000, 0x0000000100000000)
  eden space 238080K, 0% used [0x00000000d5f80000,0x00000000d5f80000,0x00000000e4800000)
  from space 15360K, 76% used [0x00000000e4800000,0x00000000e536a800,0x00000000e5700000)
  to   space 15872K, 0% used [0x00000000ec780000,0x00000000ec780000,0x00000000ed700000)
 ParOldGen       total 51200K, used 7002K [0x0000000081e00000, 0x0000000085000000, 0x00000000d5f80000)
  object space 51200K, 13% used [0x0000000081e00000,0x00000000824d6810,0x0000000085000000)
 Metaspace       used 33228K, capacity 35340K, committed 35416K, reserved 1079296K
  class space    used 4283K, capacity 4698K, committed 4736K, reserved 1048576K
}
Event: 8.928 GC heap before
{Heap before GC invocations=11 (full 2):
 PSYoungGen      total 253440K, used 11690K [0x00000000d5f80000, 0x00000000ed700000, 0x0000000100000000)
  eden space 238080K, 0% used [0x00000000d5f80000,0x00000000d5f80000,0x00000000e4800000)
  from space 15360K, 76% used [0x00000000e4800000,0x00000000e536a800,0x00000000e5700000)
  to   space 15872K, 0% used [0x00000000ec780000,0x00000000ec780000,0x00000000ed700000)
 ParOldGen       total 51200K, used 7002K [0x0000000081e00000, 0x0000000085000000, 0x00000000d5f80000)
  object space 51200K, 13% used [0x0000000081e00000,0x00000000824d6810,0x0000000085000000)
 Metaspace       used 33228K, capacity 35340K, committed 35416K, reserved 1079296K
  class space    used 4283K, capacity 4698K, committed 4736K, reserved 1048576K
Event: 9.000 GC heap after
Heap after GC invocations=11 (full 2):
 PSYoungGen      total 253440K, used 0K [0x00000000d5f80000, 0x00000000ed700000, 0x0000000100000000)
  eden space 238080K, 0% used [0x00000000d5f80000,0x00000000d5f80000,0x00000000e4800000)
  from space 15360K, 0% used [0x00000000e4800000,0x00000000e4800000,0x00000000e5700000)
  to   space 15872K, 0% used [0x00000000ec780000,0x00000000ec780000,0x00000000ed700000)
 ParOldGen       total 71168K, used 16322K [0x0000000081e00000, 0x0000000086380000, 0x00000000d5f80000)
  object space 71168K, 22% used [0x0000000081e00000,0x0000000082df0910,0x0000000086380000)
 Metaspace       used 33228K, capacity 35340K, committed 35416K, reserved 1079296K
  class space    used 4283K, capacity 4698K, committed 4736K, reserved 1048576K
}
Event: 16.898 GC heap before
{Heap before GC invocations=12 (full 2):
 PSYoungGen      total 253440K, used 238080K [0x00000000d5f80000, 0x00000000ed700000, 0x0000000100000000)
  eden space 238080K, 100% used [0x00000000d5f80000,0x00000000e4800000,0x00000000e4800000)
  from space 15360K, 0% used [0x00000000e4800000,0x00000000e4800000,0x00000000e5700000)
  to   space 15872K, 0% used [0x00000000ec780000,0x00000000ec780000,0x00000000ed700000)
 ParOldGen       total 71168K, used 16322K [0x0000000081e00000, 0x0000000086380000, 0x00000000d5f80000)
  object space 71168K, 22% used [0x0000000081e00000,0x0000000082df0910,0x0000000086380000)
 Metaspace       used 54000K, capacity 57110K, committed 57432K, reserved 1099776K
  class space    used 7363K, capacity 7943K, committed 8064K, reserved 1048576K
Event: 16.941 GC heap after
Heap after GC invocations=12 (full 2):
 PSYoungGen      total 352768K, used 15845K [0x00000000d5f80000, 0x00000000ed700000, 0x0000000100000000)
  eden space 336896K, 0% used [0x00000000d5f80000,0x00000000d5f80000,0x00000000ea880000)
  from space 15872K, 99% used [0x00000000ec780000,0x00000000ed6f95a8,0x00000000ed700000)
  to   space 22016K, 0% used [0x00000000eac00000,0x00000000eac00000,0x00000000ec180000)
 ParOldGen       total 71168K, used 26708K [0x0000000081e00000, 0x0000000086380000, 0x00000000d5f80000)
  object space 71168K, 37% used [0x0000000081e00000,0x00000000838150e0,0x0000000086380000)
 Metaspace       used 54000K, capacity 57110K, committed 57432K, reserved 1099776K
  class space    used 7363K, capacity 7943K, committed 8064K, reserved 1048576K
}
Event: 17.400 GC heap before
{Heap before GC invocations=13 (full 2):
 PSYoungGen      total 352768K, used 39202K [0x00000000d5f80000, 0x00000000ed700000, 0x0000000100000000)
  eden space 336896K, 6% used [0x00000000d5f80000,0x00000000d764f4c8,0x00000000ea880000)
  from space 15872K, 99% used [0x00000000ec780000,0x00000000ed6f95a8,0x00000000ed700000)
  to   space 22016K, 0% used [0x00000000eac00000,0x00000000eac00000,0x00000000ec180000)
 ParOldGen       total 71168K, used 26708K [0x0000000081e00000, 0x0000000086380000, 0x00000000d5f80000)
  object space 71168K, 37% used [0x0000000081e00000,0x00000000838150e0,0x0000000086380000)
 Metaspace       used 55776K, capacity 59000K, committed 59028K, reserved 1099776K
  class space    used 7592K, capacity 8176K, committed 8192K, reserved 1048576K
Event: 17.420 GC heap after
Heap after GC invocations=13 (full 2):
 PSYoungGen      total 362496K, used 1883K [0x00000000d5f80000, 0x00000000f6000000, 0x0000000100000000)
  eden space 340480K, 0% used [0x00000000d5f80000,0x00000000d5f80000,0x00000000eac00000)
  from space 22016K, 8% used [0x00000000eac00000,0x00000000eadd6f98,0x00000000ec180000)
  to   space 22016K, 0% used [0x00000000f4a80000,0x00000000f4a80000,0x00000000f6000000)
 ParOldGen       total 71168K, used 36265K [0x0000000081e00000, 0x0000000086380000, 0x00000000d5f80000)
  object space 71168K, 50% used [0x0000000081e00000,0x000000008416a6f0,0x0000000086380000)
 Metaspace       used 55776K, capacity 59000K, committed 59028K, reserved 1099776K
  class space    used 7592K, capacity 8176K, committed 8192K, reserved 1048576K
}
Event: 17.420 GC heap before
{Heap before GC invocations=14 (full 3):
 PSYoungGen      total 362496K, used 1883K [0x00000000d5f80000, 0x00000000f6000000, 0x0000000100000000)
  eden space 340480K, 0% used [0x00000000d5f80000,0x00000000d5f80000,0x00000000eac00000)
  from space 22016K, 8% used [0x00000000eac00000,0x00000000eadd6f98,0x00000000ec180000)
  to   space 22016K, 0% used [0x00000000f4a80000,0x00000000f4a80000,0x00000000f6000000)
 ParOldGen       total 71168K, used 36265K [0x0000000081e00000, 0x0000000086380000, 0x00000000d5f80000)
  object space 71168K, 50% used [0x0000000081e00000,0x000000008416a6f0,0x0000000086380000)
 Metaspace       used 55776K, capacity 59000K, committed 59028K, reserved 1099776K
  class space    used 7592K, capacity 8176K, committed 8192K, reserved 1048576K
Event: 17.665 GC heap after
Heap after GC invocations=14 (full 3):
 PSYoungGen      total 362496K, used 0K [0x00000000d5f80000, 0x00000000f6000000, 0x0000000100000000)
  eden space 340480K, 0% used [0x00000000d5f80000,0x00000000d5f80000,0x00000000eac00000)
  from space 22016K, 0% used [0x00000000eac00000,0x00000000eac00000,0x00000000ec180000)
  to   space 22016K, 0% used [0x00000000f4a80000,0x00000000f4a80000,0x00000000f6000000)
 ParOldGen       total 96256K, used 24992K [0x0000000081e00000, 0x0000000087c00000, 0x00000000d5f80000)
  object space 96256K, 25% used [0x0000000081e00000,0x00000000836682d0,0x0000000087c00000)
 Metaspace       used 55751K, capacity 58924K, committed 59028K, reserved 1099776K
  class space    used 7584K, capacity 8162K, committed 8192K, reserved 1048576K
}

Deoptimization events (10 events):
Event: 17.925 Thread 0x000001bfaab75800 Uncommon trap: reason=bimorphic action=maybe_recompile pc=0x000001bf91893828 method=java.util.regex.Pattern$Curly.match(Ljava/util/regex/Matcher;ILjava/lang/CharSequence;)Z @ 19
Event: 17.925 Thread 0x000001bfaab77800 Uncommon trap: reason=unstable_if action=reinterpret pc=0x000001bf919b3518 method=java.util.regex.Pattern$BmpCharProperty.match(Ljava/util/regex/Matcher;ILjava/lang/CharSequence;)Z @ 34
Event: 17.925 Thread 0x000001bfaab75800 Uncommon trap: reason=unstable_if action=reinterpret pc=0x000001bf919b3518 method=java.util.regex.Pattern$BmpCharProperty.match(Ljava/util/regex/Matcher;ILjava/lang/CharSequence;)Z @ 34
Event: 52.678 Thread 0x000001bfaab74000 Uncommon trap: reason=unstable_if action=reinterpret pc=0x000001bf91ec0050 method=java.lang.ThreadLocal$ThreadLocalMap.getEntry(Ljava/lang/ThreadLocal;)Ljava/lang/ThreadLocal$ThreadLocalMap$Entry; @ 29
Event: 52.678 Thread 0x000001bfaab74000 Uncommon trap: reason=class_check action=maybe_recompile pc=0x000001bf9176f094 method=java.lang.StringCoding$StringDecoder.decode([BII)[C @ 30
Event: 52.679 Thread 0x000001bfaab74000 Uncommon trap: reason=unstable_if action=reinterpret pc=0x000001bf91eaaa08 method=java.lang.ThreadLocal$ThreadLocalMap.getEntry(Ljava/lang/ThreadLocal;)Ljava/lang/ThreadLocal$ThreadLocalMap$Entry; @ 29
Event: 52.879 Thread 0x000001bfaab74000 Uncommon trap: reason=null_check action=make_not_entrant pc=0x000001bf922bf324 method=org.springframework.core.annotation.AnnotationsScanner.isWithoutHierarchy(Ljava/lang/reflect/AnnotatedElement;Lorg/springframework/core/annotation/MergedAnnotations$Sear
Event: 52.879 Thread 0x000001bfaab74000 Uncommon trap: reason=null_check action=make_not_entrant pc=0x000001bf922209dc method=org.springframework.core.annotation.AnnotationsScanner.processClassHierarchy(Ljava/lang/Object;[ILjava/lang/Class;Lorg/springframework/core/annotation/AnnotationsProcess
Event: 57.149 Thread 0x000001bfaab7d800 Uncommon trap: reason=unstable_if action=reinterpret pc=0x000001bf92358fd8 method=java.lang.Class.arrayContentsEq([Ljava/lang/Object;[Ljava/lang/Object;)Z @ 1
Event: 480.416 Thread 0x000001bfaab78800 Uncommon trap: reason=unstable_if action=reinterpret pc=0x000001bf9239ba50 method=java.lang.Class.arrayContentsEq([Ljava/lang/Object;[Ljava/lang/Object;)Z @ 1

Classes redefined (0 events):
No events

Internal exceptions (10 events):
Event: 18.068 Thread 0x000001bfaab77800 Exception <a 'java/lang/NoSuchMethodError': java.lang.Object.lambda$mapIfAllPresent$6(Ljava/util/Optional;Ljava/util/function/BiFunction;Ljava/lang/Object;)Ljava/util/Optional;> (0x00000000d7886570) thrown at [C:\jenkins\workspace\8-2-build-windows-amd64-
Event: 18.068 Thread 0x000001bfaab77800 Exception <a 'java/lang/NoSuchMethodError': java.lang.Object.lambda$null$5(Ljava/util/function/BiFunction;Ljava/lang/Object;Ljava/lang/Object;)Ljava/lang/Object;> (0x00000000d7889cf8) thrown at [C:\jenkins\workspace\8-2-build-windows-amd64-cygwin\jdk8u281
Event: 18.068 Thread 0x000001bfaab75800 Exception <a 'java/lang/NoSuchMethodError': java.lang.Object.lambda$null$5(Ljava/util/function/BiFunction;Ljava/lang/Object;Ljava/lang/Object;)Ljava/lang/Object;> (0x00000000d71f0ca8) thrown at [C:\jenkins\workspace\8-2-build-windows-amd64-cygwin\jdk8u281
Event: 18.113 Thread 0x000001bfaab77800 Exception <a 'java/lang/NoSuchMethodError': java.lang.Object.lambda$static$0(Lorg/hibernate/type/EntityType;Ljava/lang/Object;Lorg/hibernate/engine/spi/SharedSessionContractImplementor;Ljava/lang/Object;Ljava/lang/Boolean;)Ljava/lang/Object;> (0x00000000d
Event: 52.750 Thread 0x000001bfaab74000 Exception <a 'java/lang/ClassNotFoundException': java/lang/ObjectCustomizer> (0x00000000d959ba08) thrown at [C:\jenkins\workspace\8-2-build-windows-amd64-cygwin\jdk8u281\880\hotspot\src\share\vm\classfile\systemDictionary.cpp, line 212]
Event: 52.753 Thread 0x000001bfaab74000 Exception <a 'java/lang/ClassNotFoundException': app/campaign/model/CampaignCustomizer> (0x00000000d95b66e0) thrown at [C:\jenkins\workspace\8-2-build-windows-amd64-cygwin\jdk8u281\880\hotspot\src\share\vm\classfile\systemDictionary.cpp, line 212]
Event: 56.939 Thread 0x000001bfaab79000 Exception <a 'java/lang/NoSuchMethodError': java.lang.Object.lambda$maxBy$1(Ljava/util/Comparator;Ljava/lang/Object;Ljava/lang/Object;)Ljava/lang/Object;> (0x00000000d9b3e5f0) thrown at [C:\jenkins\workspace\8-2-build-windows-amd64-cygwin\jdk8u281\880\hot
Event: 56.951 Thread 0x000001bfaab79000 Exception <a 'java/lang/NoSuchMethodError': java.lang.Object.lambda$minBy$0(Ljava/util/Comparator;Ljava/lang/Object;Ljava/lang/Object;)Ljava/lang/Object;> (0x00000000d9b9ddd8) thrown at [C:\jenkins\workspace\8-2-build-windows-amd64-cygwin\jdk8u281\880\hot
Event: 57.149 Thread 0x000001bfaab7d800 Implicit null exception at 0x000001bf92354b39 to 0x000001bf92358f69
Event: 480.416 Thread 0x000001bfaab78800 Implicit null exception at 0x000001bf923962a1 to 0x000001bf9239b9ed

Events (10 events):
Event: 1078.768 Thread 0x000001bfa5cb2000 flushing nmethod 0x000001bf9180a850
Event: 1078.768 Thread 0x000001bfa5cb2000 flushing nmethod 0x000001bf9187b310
Event: 1078.769 Thread 0x000001bfa5cb2000 flushing nmethod 0x000001bf918bf790
Event: 1078.770 Thread 0x000001bfa5cb2000 flushing nmethod 0x000001bf91947d50
Event: 1078.770 Thread 0x000001bfa5cb2000 flushing nmethod 0x000001bf919a6b50
Event: 1078.771 Thread 0x000001bfa5cb2000 flushing nmethod 0x000001bf919b8090
Event: 1078.771 Thread 0x000001bfa5cb2000 flushing nmethod 0x000001bf919bd110
Event: 1078.771 Thread 0x000001bfa5cb2000 flushing nmethod 0x000001bf919cb350
Event: 1078.771 Thread 0x000001bfa5cb2000 flushing nmethod 0x000001bf91a5c710
Event: 1078.774 Thread 0x000001bfa5cb2000 flushing nmethod 0x000001bf91befed0


Dynamic libraries:
0x00007ff7c8af0000 - 0x00007ff7c8b37000 	C:\Program Files\Java\jdk1.8.0_281\bin\javaw.exe
0x00007ff97fff0000 - 0x00007ff9801e5000 	C:\WINDOWS\SYSTEM32\ntdll.dll
0x00007ff97e060000 - 0x00007ff97e11d000 	C:\WINDOWS\System32\KERNEL32.DLL
0x00007ff97d730000 - 0x00007ff97d9f8000 	C:\WINDOWS\System32\KERNELBASE.dll
0x00007ff97e2f0000 - 0x00007ff97e39c000 	C:\WINDOWS\System32\ADVAPI32.dll
0x00007ff97e570000 - 0x00007ff97e60e000 	C:\WINDOWS\System32\msvcrt.dll
0x00007ff97e610000 - 0x00007ff97e6ab000 	C:\WINDOWS\System32\sechost.dll
0x00007ff97fb40000 - 0x00007ff97fc6b000 	C:\WINDOWS\System32\RPCRT4.dll
0x00007ff97fc70000 - 0x00007ff97fe10000 	C:\WINDOWS\System32\USER32.dll
0x00007ff97da30000 - 0x00007ff97da52000 	C:\WINDOWS\System32\win32u.dll
0x00007ff97eb40000 - 0x00007ff97eb6a000 	C:\WINDOWS\System32\GDI32.dll
0x00007ff97dab0000 - 0x00007ff97dbbb000 	C:\WINDOWS\System32\gdi32full.dll
0x00007ff97ded0000 - 0x00007ff97df6d000 	C:\WINDOWS\System32\msvcp_win.dll
0x00007ff97dd20000 - 0x00007ff97de20000 	C:\WINDOWS\System32\ucrtbase.dll
0x00007ff96e630000 - 0x00007ff96e8ca000 	C:\WINDOWS\WinSxS\amd64_microsoft.windows.common-controls_6595b64144ccf1df_6.0.19041.1052_none_60b8f8fd71f5e8cb\COMCTL32.dll
0x00007ff97ed20000 - 0x00007ff97ed50000 	C:\WINDOWS\System32\IMM32.DLL
0x00007ff96f9e0000 - 0x00007ff96f9f5000 	C:\Program Files\Java\jdk1.8.0_281\jre\bin\vcruntime140.dll
0x00007ff945b50000 - 0x00007ff945beb000 	C:\Program Files\Java\jdk1.8.0_281\jre\bin\msvcp140.dll
0x0000000068420000 - 0x0000000068c7f000 	C:\Program Files\Java\jdk1.8.0_281\jre\bin\server\jvm.dll
0x00007ff97fb30000 - 0x00007ff97fb38000 	C:\WINDOWS\System32\PSAPI.DLL
0x00007ff96f600000 - 0x00007ff96f609000 	C:\WINDOWS\SYSTEM32\WSOCK32.dll
0x00007ff9738b0000 - 0x00007ff9738d7000 	C:\WINDOWS\SYSTEM32\WINMM.dll
0x00007ff972b00000 - 0x00007ff972b0a000 	C:\WINDOWS\SYSTEM32\VERSION.dll
0x00007ff97e500000 - 0x00007ff97e56b000 	C:\WINDOWS\System32\WS2_32.dll
0x00007ff97b640000 - 0x00007ff97b652000 	C:\WINDOWS\SYSTEM32\kernel.appcore.dll
0x00007ff978d00000 - 0x00007ff978d10000 	C:\Program Files\Java\jdk1.8.0_281\jre\bin\verify.dll
0x00007ff96cf30000 - 0x00007ff96cf5b000 	C:\Program Files\Java\jdk1.8.0_281\jre\bin\java.dll
0x00007ff96c7e0000 - 0x00007ff96c7f8000 	C:\Program Files\Java\jdk1.8.0_281\jre\bin\zip.dll
0x00007ff97ee10000 - 0x00007ff97f54f000 	C:\WINDOWS\System32\SHELL32.dll
0x00007ff97b840000 - 0x00007ff97bfd0000 	C:\WINDOWS\SYSTEM32\windows.storage.dll
0x00007ff97e6b0000 - 0x00007ff97ea05000 	C:\WINDOWS\System32\combase.dll
0x00007ff97d060000 - 0x00007ff97d08c000 	C:\WINDOWS\SYSTEM32\Wldp.dll
0x00007ff97e120000 - 0x00007ff97e1ce000 	C:\WINDOWS\System32\SHCORE.dll
0x00007ff97f600000 - 0x00007ff97f655000 	C:\WINDOWS\System32\shlwapi.dll
0x00007ff97d670000 - 0x00007ff97d68f000 	C:\WINDOWS\SYSTEM32\profapi.dll
0x00007ff96c780000 - 0x00007ff96c79c000 	C:\Program Files\Java\jdk1.8.0_281\jre\bin\net.dll
0x00007ff97cde0000 - 0x00007ff97ce4a000 	C:\WINDOWS\system32\mswsock.dll
0x00007ff97caf0000 - 0x00007ff97cb2b000 	C:\WINDOWS\SYSTEM32\IPHLPAPI.DLL
0x00007ff97fe10000 - 0x00007ff97fe18000 	C:\WINDOWS\System32\NSI.dll
0x00007ff977f40000 - 0x00007ff977f57000 	C:\WINDOWS\SYSTEM32\dhcpcsvc6.DLL
0x00007ff977f20000 - 0x00007ff977f3d000 	C:\WINDOWS\SYSTEM32\dhcpcsvc.DLL
0x00007ff97cb30000 - 0x00007ff97cbfc000 	C:\WINDOWS\SYSTEM32\DNSAPI.dll
0x00007ff979090000 - 0x00007ff97909d000 	C:\Program Files\Java\jdk1.8.0_281\jre\bin\management.dll
0x00007ff96f660000 - 0x00007ff96f677000 	C:\WINDOWS\system32\napinsp.dll
0x00007ff96f640000 - 0x00007ff96f65b000 	C:\WINDOWS\system32\pnrpnsp.dll
0x00007ff96f620000 - 0x00007ff96f635000 	C:\WINDOWS\system32\wshbth.dll
0x00007ff9781d0000 - 0x00007ff9781ed000 	C:\WINDOWS\system32\NLAapi.dll
0x00007ff96e950000 - 0x00007ff96e962000 	C:\WINDOWS\System32\winrnr.dll
0x00007ff974de0000 - 0x00007ff974dea000 	C:\Windows\System32\rasadhlp.dll
0x00007ff9745f0000 - 0x00007ff97466f000 	C:\WINDOWS\System32\fwpuclnt.dll
0x00007ff97da00000 - 0x00007ff97da27000 	C:\WINDOWS\System32\bcrypt.dll
0x00007ff96d050000 - 0x00007ff96d063000 	C:\Program Files\Java\jdk1.8.0_281\jre\bin\nio.dll
0x00007ff97d110000 - 0x00007ff97d128000 	C:\WINDOWS\SYSTEM32\CRYPTSP.dll
0x00007ff97c7a0000 - 0x00007ff97c7d4000 	C:\WINDOWS\system32\rsaenh.dll
0x00007ff97d630000 - 0x00007ff97d65e000 	C:\WINDOWS\SYSTEM32\USERENV.dll
0x00007ff97df70000 - 0x00007ff97dff3000 	C:\WINDOWS\System32\bcryptprimitives.dll
0x00007ff97cf60000 - 0x00007ff97cf6c000 	C:\WINDOWS\SYSTEM32\CRYPTBASE.dll
0x00007ff96d020000 - 0x00007ff96d044000 	C:\Program Files\Java\jdk1.8.0_281\jre\bin\sunec.dll
0x00007ff9773d0000 - 0x00007ff9775b4000 	C:\WINDOWS\SYSTEM32\dbghelp.dll

VM Arguments:
jvm_args: -Dfile.encoding=UTF-8 
java_command: app.campaign.CampaignApplication
java_class_path (initial): C:\Users\Anja\Desktop\xml-projekat\XML-Nistagram\microservices\campaign\target\classes;C:\Users\Anja\.m2\repository\org\springframework\boot\spring-boot-starter-web\2.4.5\spring-boot-starter-web-2.4.5.jar;C:\Users\Anja\.m2\repository\org\springframework\boot\spring-boot-starter\2.4.5\spring-boot-starter-2.4.5.jar;C:\Users\Anja\.m2\repository\org\springframework\boot\spring-boot-starter-logging\2.4.5\spring-boot-starter-logging-2.4.5.jar;C:\Users\Anja\.m2\repository\ch\qos\logback\logback-classic\1.2.3\logback-classic-1.2.3.jar;C:\Users\Anja\.m2\repository\ch\qos\logback\logback-core\1.2.3\logback-core-1.2.3.jar;C:\Users\Anja\.m2\repository\org\apache\logging\log4j\log4j-to-slf4j\2.13.3\log4j-to-slf4j-2.13.3.jar;C:\Users\Anja\.m2\repository\org\apache\logging\log4j\log4j-api\2.13.3\log4j-api-2.13.3.jar;C:\Users\Anja\.m2\repository\org\slf4j\jul-to-slf4j\1.7.30\jul-to-slf4j-1.7.30.jar;C:\Users\Anja\.m2\repository\org\yaml\snakeyaml\1.27\snakeyaml-1.27.jar;C:\Users\Anja\.m2\repository\org\springframework\boot\spring-boot-starter-json\2.4.5\spring-boot-starter-json-2.4.5.jar;C:\Users\Anja\.m2\repository\com\fasterxml\jackson\core\jackson-databind\2.11.4\jackson-databind-2.11.4.jar;C:\Users\Anja\.m2\repository\com\fasterxml\jackson\core\jackson-annotations\2.11.4\jackson-annotations-2.11.4.jar;C:\Users\Anja\.m2\repository\com\fasterxml\jackson\core\jackson-core\2.11.4\jackson-core-2.11.4.jar;C:\Users\Anja\.m2\repository\com\fasterxml\jackson\datatype\jackson-datatype-jdk8\2.11.4\jackson-datatype-jdk8-2.11.4.jar;C:\Users\Anja\.m2\repository\com\fasterxml\jackson\datatype\jackson-datatype-jsr310\2.11.4\jackson-datatype-jsr310-2.11.4.jar;C:\Users\Anja\.m2\repository\com\fasterxml\jackson\module\jackson-module-parameter-names\2.11.4\jackson-module-parameter-names-2.11.4.jar;C:\Users\Anja\.m2\repository\org\springframework\spring-web\5.3.6\spring-web-5.3.6.jar;C:\Users\Anja\.m2\repository\org\springframework\spring-beans\5.3.6\spring-beans-5.3.6.j
Launcher Type: SUN_STANDARD

Environment Variables:
JAVA_HOME=C:\Program Files\Java\jdk-13.0.1
JRE_HOME=C:\Program Files\Java\jdk-13.0.1
PATH=C:/Program Files/Java/jre1.8.0_281/bin/server;C:/Program Files/Java/jre1.8.0_281/bin;C:/Program Files/Java/jre1.8.0_281/lib/amd64;C:\Program Files (x86)\Common Files\Oracle\Java\javapath;C:\Program Files\Common Files\Oracle\Java\javapath;C:\oraclexe\app\oracle\product\11.2.0\server\bin;;C:\WINDOWS\system32;C:\WINDOWS;C:\WINDOWS\System32\Wbem;C:\WINDOWS\System32\WindowsPowerShell\v1.0\;C:\WINDOWS\System32\OpenSSH\;C:\Program Files\Java\jdk-13.0.1\bin;C:\Program Files\Git\cmd;C:\TDM-GCC-64\bin;C:\Users\Anja\AppData\Local\Programs\Python\Python38-32;C:\Program Files\dotnet\;C:\Program Files\nodejs\;C:\ProgramData\chocolatey\bin;C:\Program Files\Microsoft SQL Server\130\Tools\Binn\;C:\Program Files\Microsoft SQL Server\Client SDK\ODBC\170\Tools\Binn\;C:\Program Files\Go\bin;C:\Program Files\Docker\Docker\resources\bin;C:\ProgramData\DockerDesktop\version-bin;C:\Program Files\MySQL\MySQL Shell 8.0\bin\;C:\Users\Anja\AppData\Local\Programs\Python\Python38\Scripts\;C:\Users\Anja\AppData\Local\Programs\Python\Python38\;C:\Users\Anja\AppData\Local\Microsoft\WindowsApps;;C:\Users\Anja\AppData\Local\Programs\Microsoft VS Code\bin;C:\Users\Anja\AppData\Roaming\npm;C:\Users\Anja\go\bin;C:\Program Files\eclipse;
USERNAME=Anja
OS=Windows_NT
PROCESSOR_IDENTIFIER=Intel64 Family 6 Model 142 Stepping 10, GenuineIntel



---------------  S Y S T E M  ---------------

OS: Windows 10.0 , 64 bit Build 19041 (10.0.19041.1023)

CPU:total 8 (initial active 8) (4 cores per cpu, 2 threads per core) family 6 model 142 stepping 10, cmov, cx8, fxsr, mmx, sse, sse2, sse3, ssse3, sse4.1, sse4.2, popcnt, avx, avx2, aes, clmul, erms, 3dnowpref, lzcnt, ht, tsc, tscinvbit, bmi1, bmi2, adx

Memory: 4k page, physical 8261220k(874328k free), swap 23254064k(64k free)

vm_info: Java HotSpot(TM) 64-Bit Server VM (25.281-b09) for windows-amd64 JRE (1.8.0_281-b09), built on Dec  9 2020 13:54:07 by "" with MS VC++ 15.9 (VS2017)

time: Mon Jul  5 16:32:35 2021
timezone: Central Europe Daylight Time
elapsed time: 1078.875647 seconds (0d 0h 17m 58s)

